# Logfile created on 2014-01-07 17:28:09 +0000 by logger.rb/31641
I, [2014-01-07T17:28:09.714523 #3512]  INFO -- : 0:  rake (10.1.1) from C:/Ruby/lib/ruby/gems/1.9.1/specifications/rake-10.1.1.gemspec
I, [2014-01-07T17:28:09.716523 #3512]  INFO -- : 0:  i18n (0.6.9) from C:/Ruby/lib/ruby/gems/1.9.1/specifications/i18n-0.6.9.gemspec
I, [2014-01-07T17:28:09.717523 #3512]  INFO -- : 0:  multi_json (1.8.2) from C:/Ruby/lib/ruby/gems/1.9.1/specifications/multi_json-1.8.2.gemspec
I, [2014-01-07T17:28:09.718523 #3512]  INFO -- : 0:  activesupport (3.2.16) from C:/Ruby/lib/ruby/gems/1.9.1/specifications/activesupport-3.2.16.gemspec
I, [2014-01-07T17:28:11.015542 #3512]  INFO -- : 0:  builder (3.0.4) from C:/Ruby/lib/ruby/gems/1.9.1/specifications/builder-3.0.4.gemspec
I, [2014-01-07T17:28:12.365559 #3512]  INFO -- : 0:  activemodel (3.2.16) from C:/Ruby/lib/ruby/gems/1.9.1/specifications/activemodel-3.2.16.gemspec
I, [2014-01-07T17:28:13.945561 #3512]  INFO -- : 0:  arel (3.0.3) from C:/Ruby/lib/ruby/gems/1.9.1/specifications/arel-3.0.3.gemspec
I, [2014-01-07T17:28:18.344614 #3512]  INFO -- : 0:  tzinfo (0.3.38) from C:/Ruby/lib/ruby/gems/1.9.1/specifications/tzinfo-0.3.38.gemspec
I, [2014-01-07T17:28:21.454651 #3512]  INFO -- : 0:  activerecord (3.2.16) from C:/Ruby/lib/ruby/gems/1.9.1/specifications/activerecord-3.2.16.gemspec
I, [2014-01-07T17:28:21.454651 #3512]  INFO -- : 0:  bundler (1.5.1) from C:/Ruby/lib/ruby/gems/1.9.1/specifications/bundler-1.5.1.gemspec
I, [2014-01-07T17:28:21.454651 #3512]  INFO -- : 0:  tilt (1.4.1) from C:/Ruby/lib/ruby/gems/1.9.1/specifications/tilt-1.4.1.gemspec
I, [2014-01-07T17:28:23.384686 #3512]  INFO -- : 0:  haml (4.0.5) from C:/Ruby/lib/ruby/gems/1.9.1/specifications/haml-4.0.5.gemspec
I, [2014-01-07T17:28:23.384686 #3512]  INFO -- : 0:  rack (1.5.2) from C:/Ruby/lib/ruby/gems/1.9.1/specifications/rack-1.5.2.gemspec
I, [2014-01-07T17:28:23.394686 #3512]  INFO -- : 0:  url_mount (0.2.1) from C:/Ruby/lib/ruby/gems/1.9.1/specifications/url_mount-0.2.1.gemspec
I, [2014-01-07T17:28:23.394686 #3512]  INFO -- : 0:  http_router (0.11.0) from C:/Ruby/lib/ruby/gems/1.9.1/specifications/http_router-0.11.0.gemspec
I, [2014-01-07T17:28:23.394686 #3512]  INFO -- : 0:  mime-types (1.25.1) from C:/Ruby/lib/ruby/gems/1.9.1/specifications/mime-types-1.25.1.gemspec
I, [2014-01-07T17:28:23.394686 #3512]  INFO -- : 0:  polyglot (0.3.3) from C:/Ruby/lib/ruby/gems/1.9.1/specifications/polyglot-0.3.3.gemspec
I, [2014-01-07T17:28:23.394686 #3512]  INFO -- : 0:  treetop (1.4.15) from C:/Ruby/lib/ruby/gems/1.9.1/specifications/treetop-1.4.15.gemspec
I, [2014-01-07T17:28:23.394686 #3512]  INFO -- : 0:  mail (2.5.4) from C:/Ruby/lib/ruby/gems/1.9.1/specifications/mail-2.5.4.gemspec
I, [2014-01-07T17:28:23.404686 #3512]  INFO -- : 0:  rack-protection (1.5.1) from C:/Ruby/lib/ruby/gems/1.9.1/specifications/rack-protection-1.5.1.gemspec
I, [2014-01-07T17:28:23.404686 #3512]  INFO -- : 0:  sinatra (1.4.4) from C:/Ruby/lib/ruby/gems/1.9.1/specifications/sinatra-1.4.4.gemspec
I, [2014-01-07T17:28:23.404686 #3512]  INFO -- : 0:  thor (0.17.0) from C:/Ruby/lib/ruby/gems/1.9.1/specifications/thor-0.17.0.gemspec
I, [2014-01-07T17:28:23.404686 #3512]  INFO -- : 0:  padrino-core (0.11.4) from C:/Ruby/lib/ruby/gems/1.9.1/specifications/padrino-core-0.11.4.gemspec
I, [2014-01-07T17:28:23.404686 #3512]  INFO -- : 0:  padrino-helpers (0.11.4) from C:/Ruby/lib/ruby/gems/1.9.1/specifications/padrino-helpers-0.11.4.gemspec
I, [2014-01-07T17:28:23.404686 #3512]  INFO -- : 0:  padrino-admin (0.11.4) from C:/Ruby/lib/ruby/gems/1.9.1/specifications/padrino-admin-0.11.4.gemspec
I, [2014-01-07T17:28:23.404686 #3512]  INFO -- : 0:  padrino-cache (0.11.4) from C:/Ruby/lib/ruby/gems/1.9.1/specifications/padrino-cache-0.11.4.gemspec
I, [2014-01-07T17:28:23.414686 #3512]  INFO -- : 0:  padrino-gen (0.11.4) from C:/Ruby/lib/ruby/gems/1.9.1/specifications/padrino-gen-0.11.4.gemspec
I, [2014-01-07T17:28:23.414686 #3512]  INFO -- : 0:  padrino-mailer (0.11.4) from C:/Ruby/lib/ruby/gems/1.9.1/specifications/padrino-mailer-0.11.4.gemspec
I, [2014-01-07T17:28:23.414686 #3512]  INFO -- : 0:  padrino (0.11.4) from C:/Ruby/lib/ruby/gems/1.9.1/specifications/padrino-0.11.4.gemspec
I, [2014-01-07T17:28:31.325729 #3512]  INFO -- : 0:  sqlite3 (1.3.8) from C:/Ruby/lib/ruby/gems/1.9.1/specifications/sqlite3-1.3.8-x86-mingw32.gemspec
I, [2014-01-07T17:31:53.048737 #7804]  INFO -- : 0:  rake (10.1.1) from C:/Ruby/lib/ruby/gems/1.9.1/specifications/rake-10.1.1.gemspec
I, [2014-01-07T17:31:53.050737 #7804]  INFO -- : 0:  i18n (0.6.9) from C:/Ruby/lib/ruby/gems/1.9.1/specifications/i18n-0.6.9.gemspec
I, [2014-01-07T17:31:53.051737 #7804]  INFO -- : 0:  multi_json (1.8.2) from C:/Ruby/lib/ruby/gems/1.9.1/specifications/multi_json-1.8.2.gemspec
I, [2014-01-07T17:31:53.057738 #7804]  INFO -- : 0:  activesupport (3.2.16) from C:/Ruby/lib/ruby/gems/1.9.1/specifications/activesupport-3.2.16.gemspec
I, [2014-01-07T17:31:53.059738 #7804]  INFO -- : 0:  builder (3.0.4) from C:/Ruby/lib/ruby/gems/1.9.1/specifications/builder-3.0.4.gemspec
I, [2014-01-07T17:31:53.060738 #7804]  INFO -- : 0:  activemodel (3.2.16) from C:/Ruby/lib/ruby/gems/1.9.1/specifications/activemodel-3.2.16.gemspec
I, [2014-01-07T17:31:53.061738 #7804]  INFO -- : 0:  arel (3.0.3) from C:/Ruby/lib/ruby/gems/1.9.1/specifications/arel-3.0.3.gemspec
I, [2014-01-07T17:31:53.062738 #7804]  INFO -- : 0:  tzinfo (0.3.38) from C:/Ruby/lib/ruby/gems/1.9.1/specifications/tzinfo-0.3.38.gemspec
I, [2014-01-07T17:31:53.062738 #7804]  INFO -- : 0:  activerecord (3.2.16) from C:/Ruby/lib/ruby/gems/1.9.1/specifications/activerecord-3.2.16.gemspec
I, [2014-01-07T17:31:55.161756 #7804]  INFO -- : 0:  bcrypt-ruby (3.1.2) from C:/Ruby/lib/ruby/gems/1.9.1/specifications/bcrypt-ruby-3.1.2-x86-mingw32.gemspec
I, [2014-01-07T17:31:55.161756 #7804]  INFO -- : 0:  bundler (1.5.1) from C:/Ruby/lib/ruby/gems/1.9.1/specifications/bundler-1.5.1.gemspec
I, [2014-01-07T17:31:55.161756 #7804]  INFO -- : 0:  tilt (1.4.1) from C:/Ruby/lib/ruby/gems/1.9.1/specifications/tilt-1.4.1.gemspec
I, [2014-01-07T17:31:55.161756 #7804]  INFO -- : 0:  haml (4.0.5) from C:/Ruby/lib/ruby/gems/1.9.1/specifications/haml-4.0.5.gemspec
I, [2014-01-07T17:31:55.161756 #7804]  INFO -- : 0:  rack (1.5.2) from C:/Ruby/lib/ruby/gems/1.9.1/specifications/rack-1.5.2.gemspec
I, [2014-01-07T17:31:55.171756 #7804]  INFO -- : 0:  url_mount (0.2.1) from C:/Ruby/lib/ruby/gems/1.9.1/specifications/url_mount-0.2.1.gemspec
I, [2014-01-07T17:31:55.171756 #7804]  INFO -- : 0:  http_router (0.11.0) from C:/Ruby/lib/ruby/gems/1.9.1/specifications/http_router-0.11.0.gemspec
I, [2014-01-07T17:31:55.171756 #7804]  INFO -- : 0:  mime-types (1.25.1) from C:/Ruby/lib/ruby/gems/1.9.1/specifications/mime-types-1.25.1.gemspec
I, [2014-01-07T17:31:55.171756 #7804]  INFO -- : 0:  polyglot (0.3.3) from C:/Ruby/lib/ruby/gems/1.9.1/specifications/polyglot-0.3.3.gemspec
I, [2014-01-07T17:31:55.171756 #7804]  INFO -- : 0:  treetop (1.4.15) from C:/Ruby/lib/ruby/gems/1.9.1/specifications/treetop-1.4.15.gemspec
I, [2014-01-07T17:31:55.171756 #7804]  INFO -- : 0:  mail (2.5.4) from C:/Ruby/lib/ruby/gems/1.9.1/specifications/mail-2.5.4.gemspec
I, [2014-01-07T17:31:55.171756 #7804]  INFO -- : 0:  rack-protection (1.5.1) from C:/Ruby/lib/ruby/gems/1.9.1/specifications/rack-protection-1.5.1.gemspec
I, [2014-01-07T17:31:55.171756 #7804]  INFO -- : 0:  sinatra (1.4.4) from C:/Ruby/lib/ruby/gems/1.9.1/specifications/sinatra-1.4.4.gemspec
I, [2014-01-07T17:31:55.171756 #7804]  INFO -- : 0:  thor (0.17.0) from C:/Ruby/lib/ruby/gems/1.9.1/specifications/thor-0.17.0.gemspec
I, [2014-01-07T17:31:55.171756 #7804]  INFO -- : 0:  padrino-core (0.11.4) from C:/Ruby/lib/ruby/gems/1.9.1/specifications/padrino-core-0.11.4.gemspec
I, [2014-01-07T17:31:55.181756 #7804]  INFO -- : 0:  padrino-helpers (0.11.4) from C:/Ruby/lib/ruby/gems/1.9.1/specifications/padrino-helpers-0.11.4.gemspec
I, [2014-01-07T17:31:55.181756 #7804]  INFO -- : 0:  padrino-admin (0.11.4) from C:/Ruby/lib/ruby/gems/1.9.1/specifications/padrino-admin-0.11.4.gemspec
I, [2014-01-07T17:31:55.181756 #7804]  INFO -- : 0:  padrino-cache (0.11.4) from C:/Ruby/lib/ruby/gems/1.9.1/specifications/padrino-cache-0.11.4.gemspec
I, [2014-01-07T17:31:55.181756 #7804]  INFO -- : 0:  padrino-gen (0.11.4) from C:/Ruby/lib/ruby/gems/1.9.1/specifications/padrino-gen-0.11.4.gemspec
I, [2014-01-07T17:31:55.191756 #7804]  INFO -- : 0:  padrino-mailer (0.11.4) from C:/Ruby/lib/ruby/gems/1.9.1/specifications/padrino-mailer-0.11.4.gemspec
I, [2014-01-07T17:31:55.191756 #7804]  INFO -- : 0:  padrino (0.11.4) from C:/Ruby/lib/ruby/gems/1.9.1/specifications/padrino-0.11.4.gemspec
I, [2014-01-07T17:31:55.191756 #7804]  INFO -- : 0:  sqlite3 (1.3.8) from C:/Ruby/lib/ruby/gems/1.9.1/specifications/sqlite3-1.3.8-x86-mingw32.gemspec
